<?xml version="1.0" encoding="UTF-8"?>
<!-- Generated by org.testng.reporters.JUnitReportReporter -->
<testsuite hostname="DESKTOP-SK32KMA" name="org.login.TreeManager" tests="4" failures="0" timestamp="19 May 2022 09:14:17 GMT" time="38.132" errors="0">
  <testcase name="Tc1" time="24.345" classname="org.login.TreeManager"/>
  <testcase name="Tc2" time="3.525" classname="org.login.TreeManager"/>
  <testcase name="Tc3" time="5.331" classname="org.login.TreeManager"/>
  <testcase name="Tc4" time="4.931" classname="org.login.TreeManager"/>
</testsuite> <!-- org.login.TreeManager -->
