<?xml version="1.0" encoding="UTF-8"?>
<!-- Generated by org.testng.reporters.JUnitReportReporter -->
<testsuite hostname="DESKTOP-SK32KMA" name="org.login.TreeManager" tests="4" failures="0" timestamp="19 May 2022 05:32:02 GMT" time="46.295" errors="0">
  <testcase name="Tc1" time="32.494" classname="org.login.TreeManager"/>
  <testcase name="Tc2" time="3.540" classname="org.login.TreeManager"/>
  <testcase name="Tc3" time="5.228" classname="org.login.TreeManager"/>
  <testcase name="Tc4" time="5.033" classname="org.login.TreeManager"/>
</testsuite> <!-- org.login.TreeManager -->
